<?xml version="1.0" encoding="UTF-8"?>
<testng-results skipped="0" failed="0" total="1" passed="1">
  <reporter-output>
  </reporter-output>
  <suite name="Cnn UI Tests" duration-ms="29090" started-at="2013-12-28T01:20:26Z" finished-at="2013-12-28T01:20:55Z">
    <groups>
    </groups>
    <test name="Cnn on Mac with firefox Tests" duration-ms="29090" started-at="2013-12-28T01:20:26Z" finished-at="2013-12-28T01:20:55Z">
      <class name="CnnHome">
        <test-method status="PASS" signature="beforeClass()[pri:0, instance:CnnHome@967e8c]" name="beforeClass" is-config="true" duration-ms="19501" started-at="2013-12-27T20:20:26Z" finished-at="2013-12-27T20:20:45Z">
          <reporter-output>
          </reporter-output>
        </test-method> <!-- beforeClass -->
        <test-method status="PASS" signature="home()[pri:0, instance:CnnHome@967e8c]" name="home" duration-ms="9095" started-at="2013-12-27T20:20:45Z" finished-at="2013-12-27T20:20:54Z">
          <reporter-output>
          </reporter-output>
        </test-method> <!-- home -->
        <test-method status="PASS" signature="beforeMethod()[pri:0, instance:CnnHome@967e8c]" name="beforeMethod" is-config="true" duration-ms="0" started-at="2013-12-27T20:20:45Z" finished-at="2013-12-27T20:20:45Z">
          <reporter-output>
          </reporter-output>
        </test-method> <!-- beforeMethod -->
        <test-method status="PASS" signature="afterClass()[pri:0, instance:CnnHome@967e8c]" name="afterClass" is-config="true" duration-ms="481" started-at="2013-12-27T20:20:54Z" finished-at="2013-12-27T20:20:55Z">
          <reporter-output>
          </reporter-output>
        </test-method> <!-- afterClass -->
      </class> <!-- CnnHome -->
    </test> <!-- Cnn on Mac with firefox Tests -->
  </suite> <!-- Cnn UI Tests -->
</testng-results>
